2025-03-24 18:31:43 [INFO] com.INF331.gestionproductos.GestionProductosBackendApplication - Starting GestionProductosBackendApplication using Java 21.0.6 with PID 11172 (C:\Users\RIO\Tarea_1-INF331\gestion-productos-backend\target\classes started by RIO in C:\Users\RIO\Tarea_1-INF331\gestion-productos-backend)
2025-03-24 18:31:43 [INFO] com.INF331.gestionproductos.GestionProductosBackendApplication - No active profile set, falling back to 1 default profile: "default"
2025-03-24 18:31:44 [INFO] org.springframework.data.repository.config.RepositoryConfigurationDelegate - Bootstrapping Spring Data JPA repositories in DEFAULT mode.
2025-03-24 18:31:44 [INFO] org.springframework.data.repository.config.RepositoryConfigurationDelegate - Finished Spring Data repository scanning in 102 ms. Found 2 JPA repository interfaces.
2025-03-24 18:31:44 [INFO] org.springframework.boot.web.embedded.tomcat.TomcatWebServer - Tomcat initialized with port 8080 (http)
2025-03-24 18:31:44 [INFO] org.apache.coyote.http11.Http11NioProtocol - Initializing ProtocolHandler ["http-nio-8080"]
2025-03-24 18:31:44 [INFO] org.apache.catalina.core.StandardService - Starting service [Tomcat]
2025-03-24 18:31:44 [INFO] org.apache.catalina.core.StandardEngine - Starting Servlet engine: [Apache Tomcat/10.1.39]
2025-03-24 18:31:44 [INFO] org.apache.catalina.core.ContainerBase.[Tomcat].[localhost].[/] - Initializing Spring embedded WebApplicationContext
2025-03-24 18:31:44 [INFO] org.springframework.boot.web.servlet.context.ServletWebServerApplicationContext - Root WebApplicationContext: initialization completed in 1282 ms
2025-03-24 18:31:45 [INFO] org.hibernate.jpa.internal.util.LogHelper - HHH000204: Processing PersistenceUnitInfo [name: default]
2025-03-24 18:31:45 [INFO] org.hibernate.Version - HHH000412: Hibernate ORM core version 6.6.11.Final
2025-03-24 18:31:45 [INFO] org.hibernate.cache.internal.RegionFactoryInitiator - HHH000026: Second-level cache disabled
2025-03-24 18:31:45 [INFO] org.springframework.orm.jpa.persistenceunit.SpringPersistenceUnitInfo - No LoadTimeWeaver setup: ignoring JPA class transformer
2025-03-24 18:31:45 [INFO] com.zaxxer.hikari.HikariDataSource - HikariPool-1 - Starting...
2025-03-24 18:31:45 [INFO] com.zaxxer.hikari.pool.HikariPool - HikariPool-1 - Added connection com.mysql.cj.jdbc.ConnectionImpl@25464154
2025-03-24 18:31:45 [INFO] com.zaxxer.hikari.HikariDataSource - HikariPool-1 - Start completed.
2025-03-24 18:31:45 [WARN] org.hibernate.orm.deprecation - HHH90000025: MySQLDialect does not need to be specified explicitly using 'hibernate.dialect' (remove the property setting and it will be selected by default)
2025-03-24 18:31:45 [INFO] org.hibernate.orm.connections.pooling - HHH10001005: Database info:
	Database JDBC URL [Connecting through datasource 'HikariDataSource (HikariPool-1)']
	Database driver: undefined/unknown
	Database version: 8.0.41
	Autocommit mode: undefined/unknown
	Isolation level: undefined/unknown
	Minimum pool size: undefined/unknown
	Maximum pool size: undefined/unknown
2025-03-24 18:31:46 [INFO] org.hibernate.engine.transaction.jta.platform.internal.JtaPlatformInitiator - HHH000489: No JTA platform available (set 'hibernate.transaction.jta.platform' to enable JTA platform integration)
2025-03-24 18:31:46 [INFO] org.springframework.orm.jpa.LocalContainerEntityManagerFactoryBean - Initialized JPA EntityManagerFactory for persistence unit 'default'
2025-03-24 18:31:46 [WARN] org.springframework.boot.autoconfigure.orm.jpa.JpaBaseConfiguration$JpaWebConfiguration - spring.jpa.open-in-view is enabled by default. Therefore, database queries may be performed during view rendering. Explicitly configure spring.jpa.open-in-view to disable this warning
2025-03-24 18:31:47 [INFO] org.apache.coyote.http11.Http11NioProtocol - Starting ProtocolHandler ["http-nio-8080"]
2025-03-24 18:31:47 [INFO] org.springframework.boot.web.embedded.tomcat.TomcatWebServer - Tomcat started on port 8080 (http) with context path '/'
2025-03-24 18:31:47 [INFO] com.INF331.gestionproductos.GestionProductosBackendApplication - Started GestionProductosBackendApplication in 4.096 seconds (process running for 4.783)
2025-03-24 18:31:51 [INFO] com.INF331.gestionproductos.GestionProductosBackendApplication - Inicio de sesión exitoso para el usuario: admin
